::1 - - [21/Jul/2021:19:27:45 +0000] "GET / HTTP/1.1" 304 - "-" "Mozilla/5.0 (Windows NT 10.0; Win64; x64) AppleWebKit/537.36 (KHTML, like Gecko) Chrome/91.0.4472.124 Safari/537.36"
::1 - - [21/Jul/2021:19:28:17 +0000] "GET /api/users/register HTTP/1.1" 304 - "-" "Mozilla/5.0 (Windows NT 10.0; Win64; x64) AppleWebKit/537.36 (KHTML, like Gecko) Chrome/91.0.4472.124 Safari/537.36"
::1 - - [22/Jul/2021:02:09:15 +0000] "GET /api/users HTTP/1.1" 404 148 "-" "Mozilla/5.0 (Windows NT 10.0; Win64; x64) AppleWebKit/537.36 (KHTML, like Gecko) Chrome/91.0.4472.124 Safari/537.36"
::1 - - [22/Jul/2021:02:09:53 +0000] "GET /api HTTP/1.1" 404 142
::1 - - [22/Jul/2021:02:10:22 +0000] "GET /api/profile/register HTTP/1.1" 404 159
::1 - - [22/Jul/2021:02:10:29 +0000] "GET /api/profile/register HTTP/1.1" 404 159
::1 - - [22/Jul/2021:02:10:34 +0000] "GET /api/profile HTTP/1.1" 304 -
::1 - - [22/Jul/2021:02:11:30 +0000] "GET /api/profile HTTP/1.1" 200 29 "-" "Mozilla/5.0 (Windows NT 10.0; Win64; x64) AppleWebKit/537.36 (KHTML, like Gecko) Chrome/91.0.4472.124 Safari/537.36 Edg/91.0.864.70"
::1 - - [22/Jul/2021:02:11:30 +0000] "GET /favicon.ico HTTP/1.1" 404 150 "http://localhost:5000/api/profile" "Mozilla/5.0 (Windows NT 10.0; Win64; x64) AppleWebKit/537.36 (KHTML, like Gecko) Chrome/91.0.4472.124 Safari/537.36 Edg/91.0.864.70"
::1 - - [22/Jul/2021:02:15:40 +0000] "GET /api HTTP/1.1" 404 142 "-" "Mozilla/5.0 (Windows NT 10.0; Win64; x64) AppleWebKit/537.36 (KHTML, like Gecko) Chrome/91.0.4472.124 Safari/537.36 Edg/91.0.864.70"
::1 - - [22/Jul/2021:05:45:42 +0000] "GET / HTTP/1.1" 200 12 "-" "Mozilla/5.0 (Windows NT 10.0; Win64; x64) AppleWebKit/537.36 (KHTML, like Gecko) Chrome/91.0.4472.124 Safari/537.36 Edg/91.0.864.70"
::1 - - [24/Jul/2021:00:13:44 +0000] "GET / HTTP/1.1" 304 - "-" "Mozilla/5.0 (Windows NT 10.0; Win64; x64) AppleWebKit/537.36 (KHTML, like Gecko) Chrome/91.0.4472.124 Safari/537.36 Edg/91.0.864.70"
::1 - - [24/Jul/2021:00:13:56 +0000] "GET /api/user/register HTTP/1.1" 404 156 "-" "Mozilla/5.0 (Windows NT 10.0; Win64; x64) AppleWebKit/537.36 (KHTML, like Gecko) Chrome/91.0.4472.124 Safari/537.36 Edg/91.0.864.70"
::1 - - [24/Jul/2021:00:14:35 +0000] "GET /api/users/register HTTP/1.1" 404 157 "-" "Mozilla/5.0 (Windows NT 10.0; Win64; x64) AppleWebKit/537.36 (KHTML, like Gecko) Chrome/91.0.4472.124 Safari/537.36 Edg/91.0.864.70"
::1 - - [24/Jul/2021:00:15:07 +0000] "GET /api/profile HTTP/1.1" 304 - "-" "Mozilla/5.0 (Windows NT 10.0; Win64; x64) AppleWebKit/537.36 (KHTML, like Gecko) Chrome/91.0.4472.124 Safari/537.36 Edg/91.0.864.70"
::1 - - [24/Jul/2021:00:15:35 +0000] "GET /api/posts/register HTTP/1.1" 200 27 "-" "Mozilla/5.0 (Windows NT 10.0; Win64; x64) AppleWebKit/537.36 (KHTML, like Gecko) Chrome/91.0.4472.124 Safari/537.36 Edg/91.0.864.70"
::1 - - [24/Jul/2021:00:34:32 +0000] "POST /api/users/register HTTP/1.1" - - "-" "PostmanRuntime/7.28.2"
::1 - - [24/Jul/2021:00:35:15 +0000] "POST /api/users/register HTTP/1.1" 400 30 "-" "PostmanRuntime/7.28.2"
::1 - - [24/Jul/2021:00:38:49 +0000] "POST /api/users/register HTTP/1.1" - - "-" "PostmanRuntime/7.28.2"
::1 - - [24/Jul/2021:00:44:59 +0000] "POST /api/users/register HTTP/1.1" - - "-" "PostmanRuntime/7.28.2"
::1 - - [24/Jul/2021:00:50:03 +0000] "POST /api/users/register HTTP/1.1" 200 62 "-" "PostmanRuntime/7.28.2"
::1 - - [24/Jul/2021:00:54:06 +0000] "POST /api/users/register HTTP/1.1" 400 30 "-" "PostmanRuntime/7.28.2"
::1 - - [24/Jul/2021:00:55:00 +0000] "POST /api/users/register HTTP/1.1" 200 71 "-" "PostmanRuntime/7.28.2"
::1 - - [24/Jul/2021:00:56:35 +0000] "POST /api/users/register HTTP/1.1" 200 216 "-" "PostmanRuntime/7.28.2"
::1 - - [24/Jul/2021:00:57:34 +0000] "POST /api/users/register HTTP/1.1" 400 30 "-" "PostmanRuntime/7.28.2"
::1 - - [24/Jul/2021:00:58:02 +0000] "POST /api/users/register HTTP/1.1" 200 218 "-" "PostmanRuntime/7.28.2"
::1 - - [24/Jul/2021:01:00:15 +0000] "POST /api/users/register HTTP/1.1" - - "-" "PostmanRuntime/7.28.2"
::1 - - [24/Jul/2021:01:01:06 +0000] "POST /api/users/register HTTP/1.1" 200 217 "-" "PostmanRuntime/7.28.2"
::1 - - [24/Jul/2021:01:04:00 +0000] "POST /api/users/register HTTP/1.1" 400 30 "-" "PostmanRuntime/7.28.2"
::1 - - [24/Jul/2021:01:04:35 +0000] "POST /api/users/register HTTP/1.1" 200 200 "-" "PostmanRuntime/7.28.2"
::1 - - [24/Jul/2021:01:23:58 +0000] "POST /api/users/register HTTP/1.1" 200 217 "-" "PostmanRuntime/7.28.2"
::1 - - [24/Jul/2021:01:26:44 +0000] "POST /api/users/register HTTP/1.1" 200 216 "-" "PostmanRuntime/7.28.2"
::1 - - [24/Jul/2021:01:32:20 +0000] "POST /api/users/register HTTP/1.1" 200 215 "-" "PostmanRuntime/7.28.2"
::1 - - [24/Jul/2021:01:33:06 +0000] "POST /api/users/register HTTP/1.1" 200 216 "-" "PostmanRuntime/7.28.2"
::1 - - [24/Jul/2021:01:37:11 +0000] "POST /api/users/register HTTP/1.1" 200 215 "-" "PostmanRuntime/7.28.2"
::1 - - [24/Jul/2021:01:55:53 +0000] "POST /api/users/register HTTP/1.1" 200 216 "-" "PostmanRuntime/7.28.2"
::1 - - [24/Jul/2021:01:56:40 +0000] "POST /api/users/register HTTP/1.1" 200 215 "-" "PostmanRuntime/7.28.2"
::1 - - [24/Jul/2021:01:58:22 +0000] "POST /api/users/register HTTP/1.1" 200 216 "-" "PostmanRuntime/7.28.2"
::1 - - [24/Jul/2021:02:01:52 +0000] "POST /api/users/register HTTP/1.1" 200 217 "-" "PostmanRuntime/7.28.2"
::1 - - [24/Jul/2021:02:03:07 +0000] "POST /api/users/register HTTP/1.1" 200 216 "-" "PostmanRuntime/7.28.2"
::1 - - [24/Jul/2021:02:13:18 +0000] "POST /api/users/register HTTP/1.1" 200 217 "-" "PostmanRuntime/7.28.2"
::1 - - [24/Jul/2021:02:16:38 +0000] "POST /api/users/register HTTP/1.1" 200 201 "-" "PostmanRuntime/7.28.2"
::1 - - [24/Jul/2021:02:19:37 +0000] "POST /api/users/register HTTP/1.1" 200 202 "-" "PostmanRuntime/7.28.2"
::1 - - [24/Jul/2021:02:20:16 +0000] "POST /api/users/register HTTP/1.1" 200 197 "-" "PostmanRuntime/7.28.2"
::1 - - [24/Jul/2021:02:23:00 +0000] "POST /api/users/register HTTP/1.1" 200 222 "-" "PostmanRuntime/7.28.2"
::1 - - [24/Jul/2021:02:31:31 +0000] "POST /api/users/register HTTP/1.1" 200 229 "-" "PostmanRuntime/7.28.2"
::1 - - [24/Jul/2021:02:40:21 +0000] "POST /api/users/register HTTP/1.1" 200 216 "-" "PostmanRuntime/7.28.2"
::1 - - [24/Jul/2021:02:41:27 +0000] "POST /api/users/register HTTP/1.1" 200 219 "-" "PostmanRuntime/7.28.2"
::1 - - [24/Jul/2021:02:43:56 +0000] "POST /api/users/register HTTP/1.1" 200 271 "-" "PostmanRuntime/7.28.2"
::1 - - [24/Jul/2021:03:17:54 +0000] "POST /api/users/register HTTP/1.1" 200 272 "-" "PostmanRuntime/7.28.2"
::1 - - [24/Jul/2021:03:18:19 +0000] "GET //www.gravatar.com/avatar/2bf8312a433a67ada648ecf42f3223cb?s=200&r=pg&d=404 HTTP/1.1" 404 196 "-" "Mozilla/5.0 (Windows NT 10.0; Win64; x64) AppleWebKit/537.36 (KHTML, like Gecko) Chrome/91.0.4472.124 Safari/537.36"
::1 - - [24/Jul/2021:03:19:17 +0000] "POST /api/users/register HTTP/1.1" 200 275 "-" "PostmanRuntime/7.28.2"
